{
  "RSpec": {
    "coverage": {
      "/Users/ryansmith/Turing/4mod/projects/tea_subscription_service/app/models/customer.rb": {
        "lines": [
          1,
          1,
          null,
          1,
          1,
          null
        ]
      },
      "/Users/ryansmith/Turing/4mod/projects/tea_subscription_service/app/models/application_record.rb": {
        "lines": [
          1,
          1,
          null
        ]
      },
      "/Users/ryansmith/Turing/4mod/projects/tea_subscription_service/app/models/subscription.rb": {
        "lines": [
          1,
          1,
          null,
          1,
          1,
          1,
          null,
          1,
          null
        ]
      },
      "/Users/ryansmith/Turing/4mod/projects/tea_subscription_service/app/models/subscription_tea.rb": {
        "lines": [
          1,
          1,
          1,
          null
        ]
      },
      "/Users/ryansmith/Turing/4mod/projects/tea_subscription_service/app/models/tea.rb": {
        "lines": [
          1,
          1,
          1,
          null,
          1,
          null
        ]
      },
      "/Users/ryansmith/Turing/4mod/projects/tea_subscription_service/app/controllers/application_controller.rb": {
        "lines": [
          0,
          0
        ],
        "branches": {
        }
      }
    },
    "timestamp": 1672951721
  }
}
